[debug] [2025-12-04T14:44:14.046Z] ----------------------------------------------------------------------
[debug] [2025-12-04T14:44:14.052Z] Command:       C:\Program Files\nodejs\node.exe C:\Users\Dell\AppData\Roaming\npm\node_modules\firebase-tools\lib\bin\firebase.js init functions
[debug] [2025-12-04T14:44:14.053Z] CLI Version:   13.32.0
[debug] [2025-12-04T14:44:14.054Z] Platform:      win32
[debug] [2025-12-04T14:44:14.054Z] Node Version:  v22.13.0
[debug] [2025-12-04T14:44:14.055Z] Time:          Thu Dec 04 2025 20:14:14 GMT+0530 (India Standard Time)
[debug] [2025-12-04T14:44:14.055Z] ----------------------------------------------------------------------
[debug] 
[debug] [2025-12-04T14:44:14.063Z] >>> [apiv2][query] GET https://firebase-public.firebaseio.com/cli.json [none]
[debug] [2025-12-04T14:44:15.659Z] > command requires scopes: ["email","openid","https://www.googleapis.com/auth/cloudplatformprojects.readonly","https://www.googleapis.com/auth/firebase","https://www.googleapis.com/auth/cloud-platform"]
[debug] [2025-12-04T14:44:15.660Z] > authorizing via signed-in user (vinaymdk@gmail.com)
[info] 
     ######## #### ########  ######## ########     ###     ######  ########
     ##        ##  ##     ## ##       ##     ##  ##   ##  ##       ##
     ######    ##  ########  ######   ########  #########  ######  ######
     ##        ##  ##    ##  ##       ##     ## ##     ##       ## ##
     ##       #### ##     ## ######## ########  ##     ##  ######  ########

You're about to initialize a Firebase project in this directory:

  C:\Users\Dell\quasar_test

Before we get started, keep in mind:

  * You are initializing within an existing Firebase project directory

[info] 
=== Project Setup
[info] 
[info] First, let's associate this project directory with a Firebase project.
[info] You can create multiple project aliases by running firebase use --add, 
[info] but for now we'll just set up a default project.
[info] 
[debug] [2025-12-04T14:44:15.844Z] Using project from CLI flag: reg-internal-app
[debug] [2025-12-04T14:44:15.846Z] Checked if tokens are valid: false, expires at: 1741245280902
[debug] [2025-12-04T14:44:15.852Z] Checked if tokens are valid: false, expires at: 1741245280902
[debug] [2025-12-04T14:44:15.853Z] > refreshing access token with scopes: []
[debug] [2025-12-04T14:44:15.858Z] >>> [apiv2][query] POST https://www.googleapis.com/oauth2/v3/token [none]
[debug] [2025-12-04T14:44:15.858Z] >>> [apiv2][body] POST https://www.googleapis.com/oauth2/v3/token [omitted]
[debug] [2025-12-04T14:44:25.731Z] *** [apiv2] error from fetch(https://firebase-public.firebaseio.com/cli.json, {"headers":{},"method":"GET"}): FetchError: request to https://firebase-public.firebaseio.com/cli.json failed, reason: getaddrinfo ENOTFOUND firebase-public.firebaseio.com
[warn] !  Unable to fetch the CLI MOTD and remote config. This is not a fatal error, but may indicate an issue with your network connection. 
[debug] [2025-12-04T14:44:25.734Z] Failed to fetch MOTD FirebaseError: Failed to make request to https://firebase-public.firebaseio.com/cli.json
[debug] [2025-12-04T14:44:27.399Z] *** [apiv2] error from fetch(https://www.googleapis.com/oauth2/v3/token, {"headers":{},"method":"POST","body":{"_overheadLength":545,"_valueLength":212,"_valuesToMeasure":[],"writable":false,"readable":true,"dataSize":0,"maxDataSize":2097152,"pauseStreams":true,"_released":true,"_streams":[],"_currentStream":null,"_insideLoop":false,"_pendingNext":false,"_boundary":"--------------------------564240959181216605789122","_events":{},"_eventsCount":1}}): FetchError: request to https://www.googleapis.com/oauth2/v3/token failed, reason: getaddrinfo ENOTFOUND www.googleapis.com
[error] Authentication Error: Your credentials are no longer valid. Please run firebase login --reauth

For CI servers and headless environments, generate a new token with firebase login:ci
[debug] [2025-12-04T14:44:27.402Z] Authentication Error: Your credentials are no longer valid. Please run firebase login --reauth

For CI servers and headless environments, generate a new token with firebase login:ci
[debug] [2025-12-04T14:44:29.749Z] FirebaseError: Authentication Error: Your credentials are no longer valid. Please run firebase login --reauth

For CI servers and headless environments, generate a new token with firebase login:ci
    at invalidCredentialError (C:\Users\Dell\AppData\Roaming\npm\node_modules\firebase-tools\lib\auth.js:147:12)
    at refreshTokens (C:\Users\Dell\AppData\Roaming\npm\node_modules\firebase-tools\lib\auth.js:539:15)
    at process.processTicksAndRejections (node:internal/process/task_queues:105:5)
    at async getAccessToken (C:\Users\Dell\AppData\Roaming\npm\node_modules\firebase-tools\lib\apiv2.js:42:18)
    at async Client.addAuthHeader (C:\Users\Dell\AppData\Roaming\npm\node_modules\firebase-tools\lib\apiv2.js:169:21)
    at async Client.request (C:\Users\Dell\AppData\Roaming\npm\node_modules\firebase-tools\lib\apiv2.js:120:34)
    at async getFirebaseProject (C:\Users\Dell\AppData\Roaming\npm\node_modules\firebase-tools\lib\management\projects.js:322:21)
    at async doSetup (C:\Users\Dell\AppData\Roaming\npm\node_modules\firebase-tools\lib\init\features\project.js:86:27)
    at async init (C:\Users\Dell\AppData\Roaming\npm\node_modules\firebase-tools\lib\init\index.js:41:9)
[error] 
[error] Error: Failed to get Firebase project reg-internal-app. Please make sure the project exists and your account has permission to access it.
